<?xml version="1.0" encoding="UTF-8"?>
<testng-results ignored="0" total="2" passed="2" failed="0" skipped="0">
  <reporter-output>
  </reporter-output>
  <suite started-at="2023-07-21T10:59:47 IST" name="Selinium Project" finished-at="2023-07-21T10:59:56 IST" duration-ms="9498">
    <groups>
    </groups>
    <test started-at="2023-07-21T10:59:47 IST" name="LoginTest" finished-at="2023-07-21T10:59:53 IST" duration-ms="5904">
      <class name="assignment.testcases.LoginTest">
        <test-method is-config="true" signature="navigateToURL()[pri:0, instance:assignment.testcases.LoginTest@f09733f]" started-at="2023-07-21T10:59:47 IST" name="navigateToURL" finished-at="2023-07-21T10:59:48 IST" duration-ms="1728" status="PASS">
          <reporter-output>
          </reporter-output>
        </test-method> <!-- navigateToURL -->
        <test-method is-config="true" signature="startTest(java.lang.reflect.Method)[pri:0, instance:assignment.testcases.LoginTest@f09733f]" started-at="2023-07-21T10:59:48 IST" name="startTest" finished-at="2023-07-21T10:59:48 IST" duration-ms="3" status="PASS">
          <params>
            <param index="0">
              <value>
                <![CDATA[public void assignment.testcases.LoginTest.login()]]>
              </value>
            </param>
          </params>
          <reporter-output>
          </reporter-output>
        </test-method> <!-- startTest -->
        <test-method signature="login()[pri:0, instance:assignment.testcases.LoginTest@f09733f]" started-at="2023-07-21T10:59:48 IST" name="login" finished-at="2023-07-21T10:59:52 IST" duration-ms="3963" status="PASS">
          <reporter-output>
          </reporter-output>
        </test-method> <!-- login -->
        <test-method is-config="true" signature="status(org.testng.ITestResult)[pri:0, instance:assignment.testcases.LoginTest@f09733f]" started-at="2023-07-21T10:59:52 IST" name="status" finished-at="2023-07-21T10:59:53 IST" duration-ms="183" status="PASS">
          <params>
            <param index="0">
              <value>
                <![CDATA[[TestResult name=login status=SUCCESS method=LoginTest.login()[pri:0, instance:assignment.testcases.LoginTest@f09733f] output={null}]]]>
              </value>
            </param>
          </params>
          <reporter-output>
          </reporter-output>
        </test-method> <!-- status -->
      </class> <!-- assignment.testcases.LoginTest -->
    </test> <!-- LoginTest -->
    <test started-at="2023-07-21T10:59:53 IST" name="AddToCart" finished-at="2023-07-21T10:59:56 IST" duration-ms="3572">
      <class name="assignment.testcases.AddItemToCartTest">
        <test-method is-config="true" signature="setup()[pri:0, instance:assignment.testcases.AddItemToCartTest@793f29ff]" started-at="2023-07-21T10:59:44 IST" name="setup" finished-at="2023-07-21T10:59:47 IST" duration-ms="2206" status="PASS">
          <reporter-output>
          </reporter-output>
        </test-method> <!-- setup -->
        <test-method is-config="true" signature="navigateToURL()[pri:0, instance:assignment.testcases.AddItemToCartTest@793f29ff]" started-at="2023-07-21T10:59:53 IST" name="navigateToURL" finished-at="2023-07-21T10:59:55 IST" duration-ms="2582" status="PASS">
          <reporter-output>
          </reporter-output>
        </test-method> <!-- navigateToURL -->
        <test-method is-config="true" signature="startTest(java.lang.reflect.Method)[pri:0, instance:assignment.testcases.AddItemToCartTest@793f29ff]" started-at="2023-07-21T10:59:55 IST" name="startTest" finished-at="2023-07-21T10:59:55 IST" duration-ms="0" status="PASS">
          <params>
            <param index="0">
              <value>
                <![CDATA[public void assignment.testcases.AddItemToCartTest.addItemToCart()]]>
              </value>
            </param>
          </params>
          <reporter-output>
          </reporter-output>
        </test-method> <!-- startTest -->
        <test-method signature="addItemToCart()[pri:0, instance:assignment.testcases.AddItemToCartTest@793f29ff]" started-at="2023-07-21T10:59:55 IST" name="addItemToCart" finished-at="2023-07-21T10:59:56 IST" duration-ms="917" status="PASS">
          <reporter-output>
          </reporter-output>
        </test-method> <!-- addItemToCart -->
        <test-method is-config="true" signature="status(org.testng.ITestResult)[pri:0, instance:assignment.testcases.AddItemToCartTest@793f29ff]" started-at="2023-07-21T10:59:56 IST" name="status" finished-at="2023-07-21T10:59:56 IST" duration-ms="69" status="PASS">
          <params>
            <param index="0">
              <value>
                <![CDATA[[TestResult name=addItemToCart status=SUCCESS method=AddItemToCartTest.addItemToCart()[pri:0, instance:assignment.testcases.AddItemToCartTest@793f29ff] output={null}]]]>
              </value>
            </param>
          </params>
          <reporter-output>
          </reporter-output>
        </test-method> <!-- status -->
        <test-method is-config="true" signature="tearDown()[pri:0, instance:assignment.testcases.AddItemToCartTest@793f29ff]" started-at="2023-07-21T10:59:56 IST" name="tearDown" finished-at="2023-07-21T10:59:57 IST" duration-ms="680" status="PASS">
          <reporter-output>
          </reporter-output>
        </test-method> <!-- tearDown -->
      </class> <!-- assignment.testcases.AddItemToCartTest -->
    </test> <!-- AddToCart -->
  </suite> <!-- Selinium Project -->
</testng-results>
