<?xml version="1.0" encoding="UTF-8"?>
<!-- Generated by org.testng.reporters.JUnitXMLReporter -->
<testsuite ignored="0" hostname="IN-PG02A6JS" failures="1" tests="1" name="OpenPrimeVideo" time="4.104" errors="0" timestamp="2022-10-02T05:28:58 IST">
  <testcase classname="assignment.testcases.openPrimeVideoTest" name="openPrimeVideo" time="1.365">
    <failure type="org.openqa.selenium.ElementClickInterceptedException" message="element click intercepted: Element &amp;lt;a aria-label=&amp;quot;&amp;quot; href=&amp;quot;/gp/video/ssoredirect/?ie=UTF8&amp;amp;amp;pvp=%2F%3Fref_%3Ddvm_crs_in_s_gw_swm_dk_np_uap106eh&amp;amp;amp;ref_=nav_swm_dvm_crs_in_s_gw_swm_dk_np_uap106eh&amp;amp;amp;pf_rd_p=a123742c-d2b1-4be7-b13c-6495a927e903&amp;amp;amp;pf_rd_s=nav-sitewide-msg&amp;amp;amp;pf_rd_t=4201&amp;amp;amp;pf_rd_i=navbar-4201&amp;amp;amp;pf_rd_m=A21TJRUUN4KGV&amp;amp;amp;pf_rd_r=6AVWY1QEWJ1A50N6RES3&amp;quot; class=&amp;quot;nav-imageHref&amp;quot; target=&amp;quot;_blank&amp;quot; tabindex=&amp;quot;0&amp;quot;&amp;gt;...&amp;lt;/a&amp;gt; is not clickable at point (1063, 79). Other element would receive the click: &amp;lt;span class=&amp;quot;nav-action-inner&amp;quot;&amp;gt;...&amp;lt;/span&amp;gt;
  (Session info: chrome=105.0.5195.127)
Build info: version: &amp;apos;4.3.0&amp;apos;, revision: &amp;apos;a4995e2c09*&amp;apos;
System info: host: &amp;apos;IN-PG02A6JS&amp;apos;, ip: &amp;apos;192.168.1.41&amp;apos;, os.name: &amp;apos;Windows 10&amp;apos;, os.arch: &amp;apos;amd64&amp;apos;, os.version: &amp;apos;10.0&amp;apos;, java.version: &amp;apos;11.0.1&amp;apos;
Driver info: org.openqa.selenium.chrome.ChromeDriver
Command: [e583473d50907071f985cec6641efede, clickElement {id=0eda9ad2-da7a-4a63-93e9-ad03f735990c}]
Capabilities {acceptInsecureCerts: false, browserName: chrome, browserVersion: 105.0.5195.127, chrome: {chromedriverVersion: 105.0.5195.52 (412c95e51883..., userDataDir: C:\Users\BHAVYA~1\AppData\L...}, goog:chromeOptions: {debuggerAddress: localhost:53650}, networkConnectionEnabled: false, pageLoadStrategy: normal, platformName: WINDOWS, proxy: Proxy(), se:cdp: ws://localhost:53650/devtoo..., se:cdpVersion: 105.0.5195.127, setWindowRect: true, strictFileInteractability: false, timeouts: {implicit: 0, pageLoad: 300000, script: 30000}, unhandledPromptBehavior: dismiss and notify, webauthn:extension:credBlob: true, webauthn:extension:largeBlob: true, webauthn:virtualAuthenticators: true}
Element: [[ChromeDriver: chrome on WINDOWS (e583473d50907071f985cec6641efede)] -&amp;gt; xpath: //A[@aria-label=&amp;apos;&amp;apos;]]
Session ID: e583473d50907071f985cec6641efede">
      <![CDATA[org.openqa.selenium.ElementClickInterceptedException: element click intercepted: Element <a aria-label="" href="/gp/video/ssoredirect/?ie=UTF8&amp;pvp=%2F%3Fref_%3Ddvm_crs_in_s_gw_swm_dk_np_uap106eh&amp;ref_=nav_swm_dvm_crs_in_s_gw_swm_dk_np_uap106eh&amp;pf_rd_p=a123742c-d2b1-4be7-b13c-6495a927e903&amp;pf_rd_s=nav-sitewide-msg&amp;pf_rd_t=4201&amp;pf_rd_i=navbar-4201&amp;pf_rd_m=A21TJRUUN4KGV&amp;pf_rd_r=6AVWY1QEWJ1A50N6RES3" class="nav-imageHref" target="_blank" tabindex="0">...</a> is not clickable at point (1063, 79). Other element would receive the click: <span class="nav-action-inner">...</span>
  (Session info: chrome=105.0.5195.127)
Build info: version: '4.3.0', revision: 'a4995e2c09*'
System info: host: 'IN-PG02A6JS', ip: '192.168.1.41', os.name: 'Windows 10', os.arch: 'amd64', os.version: '10.0', java.version: '11.0.1'
Driver info: org.openqa.selenium.chrome.ChromeDriver
Command: [e583473d50907071f985cec6641efede, clickElement {id=0eda9ad2-da7a-4a63-93e9-ad03f735990c}]
Capabilities {acceptInsecureCerts: false, browserName: chrome, browserVersion: 105.0.5195.127, chrome: {chromedriverVersion: 105.0.5195.52 (412c95e51883..., userDataDir: C:\Users\BHAVYA~1\AppData\L...}, goog:chromeOptions: {debuggerAddress: localhost:53650}, networkConnectionEnabled: false, pageLoadStrategy: normal, platformName: WINDOWS, proxy: Proxy(), se:cdp: ws://localhost:53650/devtoo..., se:cdpVersion: 105.0.5195.127, setWindowRect: true, strictFileInteractability: false, timeouts: {implicit: 0, pageLoad: 300000, script: 30000}, unhandledPromptBehavior: dismiss and notify, webauthn:extension:credBlob: true, webauthn:extension:largeBlob: true, webauthn:virtualAuthenticators: true}
Element: [[ChromeDriver: chrome on WINDOWS (e583473d50907071f985cec6641efede)] -> xpath: //A[@aria-label='']]
Session ID: e583473d50907071f985cec6641efede
at org.openqa.selenium.remote.codec.w3c.W3CHttpResponseCodec.createException(W3CHttpResponseCodec.java:200)
at org.openqa.selenium.remote.codec.w3c.W3CHttpResponseCodec.decode(W3CHttpResponseCodec.java:133)
at org.openqa.selenium.remote.codec.w3c.W3CHttpResponseCodec.decode(W3CHttpResponseCodec.java:53)
at org.openqa.selenium.remote.HttpCommandExecutor.execute(HttpCommandExecutor.java:184)
at org.openqa.selenium.remote.service.DriverCommandExecutor.invokeExecute(DriverCommandExecutor.java:167)
at org.openqa.selenium.remote.service.DriverCommandExecutor.execute(DriverCommandExecutor.java:142)
at org.openqa.selenium.remote.RemoteWebDriver.execute(RemoteWebDriver.java:569)
at org.openqa.selenium.remote.RemoteWebElement.execute(RemoteWebElement.java:257)
at org.openqa.selenium.remote.RemoteWebElement.click(RemoteWebElement.java:78)
at assignment.testcases.openPrimeVideoTest.openPrimeVideo(openPrimeVideoTest.java:17)
at java.base/java.util.ArrayList.forEach(ArrayList.java:1540)
... Removed 31 stack frames]]>
    </failure>
  </testcase> <!-- openPrimeVideo -->
</testsuite> <!-- OpenPrimeVideo -->
